D:\USERS\DOCUMENTS\VISUAL STUDIO 2012\PROJECTS\PSTACK_WIN\PSTACK\X64\DEBUG\PSTACK.OBJ
D:\USERS\DOCUMENTS\VISUAL STUDIO 2012\PROJECTS\PSTACK_WIN\PSTACK\X64\DEBUG\VC110.PDB
D:\USERS\DOCUMENTS\VISUAL STUDIO 2012\PROJECTS\PSTACK_WIN\X64\DEBUG\PSTACK.ILK
D:\USERS\DOCUMENTS\VISUAL STUDIO 2012\PROJECTS\PSTACK_WIN\X64\DEBUG\PSTACK.EXE
D:\USERS\DOCUMENTS\VISUAL STUDIO 2012\PROJECTS\PSTACK_WIN\X64\DEBUG\PSTACK.PDB
D:\Users\Documents\Visual Studio 2012\Projects\pstack_win\pstack\x64\Debug\pstack.obj
D:\Users\Documents\Visual Studio 2012\Projects\pstack_win\pstack\x64\Debug\cl.command.1.tlog
D:\Users\Documents\Visual Studio 2012\Projects\pstack_win\pstack\x64\Debug\CL.read.1.tlog
D:\Users\Documents\Visual Studio 2012\Projects\pstack_win\pstack\x64\Debug\CL.write.1.tlog
D:\Users\Documents\Visual Studio 2012\Projects\pstack_win\pstack\x64\Debug\link-cvtres.read.1.tlog
D:\Users\Documents\Visual Studio 2012\Projects\pstack_win\pstack\x64\Debug\link-cvtres.write.1.tlog
D:\Users\Documents\Visual Studio 2012\Projects\pstack_win\pstack\x64\Debug\link-rc.read.1.tlog
D:\Users\Documents\Visual Studio 2012\Projects\pstack_win\pstack\x64\Debug\link-rc.write.1.tlog
D:\Users\Documents\Visual Studio 2012\Projects\pstack_win\pstack\x64\Debug\link.command.1.tlog
D:\Users\Documents\Visual Studio 2012\Projects\pstack_win\pstack\x64\Debug\link.read.1.tlog
D:\Users\Documents\Visual Studio 2012\Projects\pstack_win\pstack\x64\Debug\link.write.1.tlog
D:\Users\Documents\Visual Studio 2012\Projects\pstack_win\pstack\x64\Debug\vc110.idb
D:\Users\Documents\Visual Studio 2012\Projects\pstack_win\pstack\x64\Debug\vc110.pdb
D:\Users\Documents\Visual Studio 2012\Projects\pstack_win\x64\Debug\pstack.pdb
D:\Users\Documents\Visual Studio 2012\Projects\pstack_win\x64\Debug\pstack.exe
D:\Users\Documents\Visual Studio 2012\Projects\pstack_win\x64\Debug\pstack.ilk
